2026-01-15 02:23:34,824 - INFO - 📥 全アプリケーションリストを取得中...
2026-01-15 02:23:35,041 - ERROR - ❌ アプリリスト取得エラー: 404 Client Error: Not Found for url: https://api.steampowered.com/ISteamApps/GetAppList/v2/
2026-01-15 02:23:35,041 - ERROR - アプリIDの取得に失敗しました
2026-01-15 02:23:56,224 - INFO - 📥 全アプリケーションリストを取得中...
2026-01-15 02:23:56,409 - ERROR - ❌ アプリリスト取得エラー: 404 Client Error: Not Found for url: https://api.steampowered.com/ISteamApps/GetAppList/v2/
2026-01-15 02:23:56,413 - ERROR - アプリIDの取得に失敗しました
2026-01-15 02:24:12,615 - INFO - 📥 全アプリケーションリストを取得中...
2026-01-15 02:24:12,797 - ERROR - ❌ アプリリスト取得エラー: 404 Client Error: Not Found for url: https://api.steampowered.com/ISteamApps/GetAppList/v2/
2026-01-15 02:24:12,799 - ERROR - アプリIDの取得に失敗しました
2026-01-15 02:24:18,287 - INFO - 📥 全アプリケーションリストを取得中...
2026-01-15 02:24:18,527 - ERROR - ❌ アプリリスト取得エラー: 404 Client Error: Not Found for url: https://api.steampowered.com/ISteamApps/GetAppList/v2/
2026-01-15 02:24:18,528 - ERROR - アプリIDの取得に失敗しました
2026-01-15 02:24:43,914 - INFO - 📥 全アプリケーションリストを取得中...
2026-01-15 02:24:44,116 - ERROR - ❌ アプリリスト取得エラー: 404 Client Error: Not Found for url: https://api.steampowered.com/ISteamApps/GetAppList/v2/
2026-01-15 02:24:44,116 - ERROR - アプリIDの取得に失敗しました
2026-01-15 11:25:31,960 - INFO -  全アプリケーションリストを取得中...
2026-01-15 11:25:31,960 - INFO -  APIキー未指定: 旧API(ISteamApps)を試行します...
2026-01-15 11:25:32,150 - ERROR -  旧API取得エラー: 404 Client Error: Not Found for url: https://api.steampowered.com/ISteamApps/GetAppList/v2/
2026-01-15 11:25:32,150 - WARNING -  ヒント: Steam APIの仕様変更により、APIキーが必要な場合があります。
2026-01-15 11:25:32,150 - WARNING -    https://steamcommunity.com/dev/apikey でキーを取得し、ファイルの先頭にある STEAM_API_KEY に設定してください。
2026-01-15 11:25:32,150 - ERROR - アプリIDの取得に失敗しました
